recursos|vis|2022-06-18T10:59|admin
recursos|vis|2022-06-18T11:00|admin
recursos|down|2022-06-18T11:00|admin|erlang-func-en.pdf
recursos|vis|2022-06-18T11:02|admin
recursos|vis|2022-06-18T11:02|admin
recursos|vis|2022-06-18T11:02|admin
recursos|vis|2022-06-18T11:03|admin
projetos|vis|2022-06-18T11:03|admin
projetos|vis|2022-06-18T11:03|admin
recursos|vis|2022-06-18T11:03|admin
recursos|down|2022-06-18T11:04|admin|erlang-func-en.pdf
projetos|vis|2022-06-18T11:04|admin
projeto|down|2022-06-18T11:04|admin|1bd24ac0903999c59803c2537412b79c
recursos|edit|2022-06-18T11:04|admin|62acc1cf632a46d9ce68b09b
upload|upload|2022-06-18T11:05|admin
recursos|vis|2022-06-18T11:05|admin
projetos|vis|2022-06-18T11:05|admin
projeto|down|2022-06-18T11:05|admin|1bd24ac0903999c59803c2537412b79c
recursos|edit|2022-06-18T11:05|admin|62adb15ecb49af2f3d5b7514
registar|succ|2022-06-18T11:06|pombo
login|succ|2022-06-18T11:07|adminlogin|succ|2022-06-18T11:09|admin
registar|succ|2022-06-18T11:10|admin2|Administrador
login|succ|2022-06-18T11:10|admin
login|succ|2022-06-18T11:11|produtor
login|succ|2022-06-18T11:12|admin
